<?xml version="1.0" encoding="UTF-8"?>
<testng-results ignored="0" total="1" passed="1" failed="0" skipped="0">
  <reporter-output>
    <line>
      <![CDATA[Ktm test case is Failed..]]>
    </line>
  </reporter-output>
  <suite started-at="2024-05-02T12:30:26 IST" name="Default suite" finished-at="2024-05-02T12:30:36 IST" duration-ms="9442">
    <groups>
    </groups>
    <test started-at="2024-05-02T12:30:26 IST" name="Default test" finished-at="2024-05-02T12:30:36 IST" duration-ms="9442">
      <class name="TestCase01">
        <test-method signature="ktmTestCase()[pri:0, instance:TestCase01@7133da86]" started-at="2024-05-02T12:30:26 IST" name="ktmTestCase" finished-at="2024-05-02T12:30:36 IST" duration-ms="9358" status="PASS">
          <reporter-output>
            <line>
              <![CDATA[Ktm test case is Failed..]]>
            </line>
          </reporter-output>
        </test-method> <!-- ktmTestCase -->
      </class> <!-- TestCase01 -->
    </test> <!-- Default test -->
  </suite> <!-- Default suite -->
</testng-results>
